{"D:\\Projetos\\backend-slocked\\server\\config\\Database.js": {"path":"D:\\Projetos\\backend-slocked\\server\\config\\Database.js","statementMap":{"0":{"start":{"line":3,"column":11},"end":{"line":6,"column":2}}},"fnMap":{},"branchMap":{},"s":{"0":1},"f":{},"b":{},"_coverageSchema":"1a1c01bbd47fc00a2c39e90264f33305004495a9","hash":"bef00b56930a03d2b5c17b57733b4a1bae10f0c4"}
,"D:\\Projetos\\backend-slocked\\server\\controllers\\Users.js": {"path":"D:\\Projetos\\backend-slocked\\server\\controllers\\Users.js","statementMap":{"0":{"start":{"line":5,"column":24},"end":{"line":14,"column":1}},"1":{"start":{"line":6,"column":4},"end":{"line":13,"column":5}},"2":{"start":{"line":7,"column":25},"end":{"line":9,"column":10}},"3":{"start":{"line":10,"column":8},"end":{"line":10,"column":39}},"4":{"start":{"line":12,"column":8},"end":{"line":12,"column":51}},"5":{"start":{"line":16,"column":27},"end":{"line":28,"column":1}},"6":{"start":{"line":17,"column":4},"end":{"line":27,"column":5}},"7":{"start":{"line":18,"column":25},"end":{"line":23,"column":10}},"8":{"start":{"line":24,"column":8},"end":{"line":24,"column":39}},"9":{"start":{"line":26,"column":8},"end":{"line":26,"column":51}},"10":{"start":{"line":30,"column":26},"end":{"line":49,"column":1}},"11":{"start":{"line":31,"column":91},"end":{"line":31,"column":99}},"12":{"start":{"line":32,"column":4},"end":{"line":32,"column":80}},"13":{"start":{"line":32,"column":23},"end":{"line":32,"column":80}},"14":{"start":{"line":33,"column":4},"end":{"line":33,"column":115}},"15":{"start":{"line":33,"column":34},"end":{"line":33,"column":115}},"16":{"start":{"line":34,"column":25},"end":{"line":34,"column":52}},"17":{"start":{"line":35,"column":4},"end":{"line":48,"column":5}},"18":{"start":{"line":36,"column":8},"end":{"line":44,"column":11}},"19":{"start":{"line":45,"column":8},"end":{"line":45,"column":63}},"20":{"start":{"line":47,"column":8},"end":{"line":47,"column":51}},"21":{"start":{"line":51,"column":26},"end":{"line":84,"column":1}},"22":{"start":{"line":52,"column":17},"end":{"line":56,"column":6}},"23":{"start":{"line":57,"column":4},"end":{"line":57,"column":67}},"24":{"start":{"line":57,"column":14},"end":{"line":57,"column":67}},"25":{"start":{"line":58,"column":91},"end":{"line":58,"column":99}},"26":{"start":{"line":60,"column":4},"end":{"line":64,"column":5}},"27":{"start":{"line":61,"column":8},"end":{"line":61,"column":36}},"28":{"start":{"line":63,"column":8},"end":{"line":63,"column":51}},"29":{"start":{"line":65,"column":4},"end":{"line":65,"column":114}},"30":{"start":{"line":65,"column":34},"end":{"line":65,"column":114}},"31":{"start":{"line":66,"column":4},"end":{"line":83,"column":5}},"32":{"start":{"line":67,"column":8},"end":{"line":79,"column":11}},"33":{"start":{"line":80,"column":8},"end":{"line":80,"column":52}},"34":{"start":{"line":82,"column":8},"end":{"line":82,"column":51}},"35":{"start":{"line":86,"column":26},"end":{"line":108,"column":1}},"36":{"start":{"line":87,"column":17},"end":{"line":91,"column":6}},"37":{"start":{"line":92,"column":4},"end":{"line":92,"column":67}},"38":{"start":{"line":92,"column":14},"end":{"line":92,"column":67}},"39":{"start":{"line":93,"column":4},"end":{"line":107,"column":5}},"40":{"start":{"line":94,"column":8},"end":{"line":98,"column":11}},"41":{"start":{"line":99,"column":8},"end":{"line":103,"column":11}},"42":{"start":{"line":104,"column":8},"end":{"line":104,"column":52}},"43":{"start":{"line":106,"column":8},"end":{"line":106,"column":51}}},"fnMap":{"0":{"name":"(anonymous_0)","decl":{"start":{"line":5,"column":24},"end":{"line":5,"column":25}},"loc":{"start":{"line":5,"column":42},"end":{"line":14,"column":1}},"line":5},"1":{"name":"(anonymous_1)","decl":{"start":{"line":16,"column":27},"end":{"line":16,"column":28}},"loc":{"start":{"line":16,"column":45},"end":{"line":28,"column":1}},"line":16},"2":{"name":"(anonymous_2)","decl":{"start":{"line":30,"column":26},"end":{"line":30,"column":27}},"loc":{"start":{"line":30,"column":44},"end":{"line":49,"column":1}},"line":30},"3":{"name":"(anonymous_3)","decl":{"start":{"line":51,"column":26},"end":{"line":51,"column":27}},"loc":{"start":{"line":51,"column":44},"end":{"line":84,"column":1}},"line":51},"4":{"name":"(anonymous_4)","decl":{"start":{"line":86,"column":26},"end":{"line":86,"column":27}},"loc":{"start":{"line":86,"column":44},"end":{"line":108,"column":1}},"line":86}},"branchMap":{"0":{"loc":{"start":{"line":32,"column":4},"end":{"line":32,"column":80}},"type":"if","locations":[{"start":{"line":32,"column":4},"end":{"line":32,"column":80}},{"start":{},"end":{}}],"line":32},"1":{"loc":{"start":{"line":33,"column":4},"end":{"line":33,"column":115}},"type":"if","locations":[{"start":{"line":33,"column":4},"end":{"line":33,"column":115}},{"start":{},"end":{}}],"line":33},"2":{"loc":{"start":{"line":57,"column":4},"end":{"line":57,"column":67}},"type":"if","locations":[{"start":{"line":57,"column":4},"end":{"line":57,"column":67}},{"start":{},"end":{}}],"line":57},"3":{"loc":{"start":{"line":60,"column":4},"end":{"line":64,"column":5}},"type":"if","locations":[{"start":{"line":60,"column":4},"end":{"line":64,"column":5}},{"start":{"line":62,"column":9},"end":{"line":64,"column":5}}],"line":60},"4":{"loc":{"start":{"line":60,"column":7},"end":{"line":60,"column":43}},"type":"binary-expr","locations":[{"start":{"line":60,"column":7},"end":{"line":60,"column":22}},{"start":{"line":60,"column":26},"end":{"line":60,"column":43}}],"line":60},"5":{"loc":{"start":{"line":65,"column":4},"end":{"line":65,"column":114}},"type":"if","locations":[{"start":{"line":65,"column":4},"end":{"line":65,"column":114}},{"start":{},"end":{}}],"line":65},"6":{"loc":{"start":{"line":92,"column":4},"end":{"line":92,"column":67}},"type":"if","locations":[{"start":{"line":92,"column":4},"end":{"line":92,"column":67}},{"start":{},"end":{}}],"line":92}},"s":{"0":1,"1":1,"2":1,"3":1,"4":0,"5":1,"6":0,"7":0,"8":0,"9":0,"10":1,"11":10,"12":10,"13":2,"14":8,"15":2,"16":6,"17":6,"18":6,"19":1,"20":5,"21":1,"22":0,"23":0,"24":0,"25":0,"26":0,"27":0,"28":0,"29":0,"30":0,"31":0,"32":0,"33":0,"34":0,"35":1,"36":0,"37":0,"38":0,"39":0,"40":0,"41":0,"42":0,"43":0},"f":{"0":1,"1":0,"2":10,"3":0,"4":0},"b":{"0":[2,8],"1":[2,6],"2":[0,0],"3":[0,0],"4":[0,0],"5":[0,0],"6":[0,0]},"_coverageSchema":"1a1c01bbd47fc00a2c39e90264f33305004495a9","hash":"80ef7a60a7db1a382ec7759868b5ef4135e09caf"}
,"D:\\Projetos\\backend-slocked\\server\\models\\SalaUserModel.js": {"path":"D:\\Projetos\\backend-slocked\\server\\models\\SalaUserModel.js","statementMap":{"0":{"start":{"line":5,"column":20},"end":{"line":5,"column":29}},"1":{"start":{"line":7,"column":17},"end":{"line":19,"column":2}}},"fnMap":{},"branchMap":{},"s":{"0":1,"1":1},"f":{},"b":{},"_coverageSchema":"1a1c01bbd47fc00a2c39e90264f33305004495a9","hash":"aac90174b16999e0616e62372b566dd565d72638"}
,"D:\\Projetos\\backend-slocked\\server\\models\\UserModel.js": {"path":"D:\\Projetos\\backend-slocked\\server\\models\\UserModel.js","statementMap":{"0":{"start":{"line":4,"column":20},"end":{"line":4,"column":29}},"1":{"start":{"line":6,"column":14},"end":{"line":72,"column":2}}},"fnMap":{},"branchMap":{},"s":{"0":1,"1":1},"f":{},"b":{},"_coverageSchema":"1a1c01bbd47fc00a2c39e90264f33305004495a9","hash":"0d88036c39248e223c3b1e6f81a99231ecb08639"}
}
