TN:
SF:config\Database.js
FNF:0
FNH:0
DA:3,1
LF:1
LH:1
BRF:0
BRH:0
end_of_record
TN:
SF:controllers\Users.js
FN:5,(anonymous_0)
FN:16,(anonymous_1)
FN:30,(anonymous_2)
FN:51,(anonymous_3)
FN:86,(anonymous_4)
FNF:5
FNH:2
FNDA:1,(anonymous_0)
FNDA:0,(anonymous_1)
FNDA:10,(anonymous_2)
FNDA:0,(anonymous_3)
FNDA:0,(anonymous_4)
DA:5,1
DA:6,1
DA:7,1
DA:10,1
DA:12,0
DA:16,1
DA:17,0
DA:18,0
DA:24,0
DA:26,0
DA:30,1
DA:31,10
DA:32,10
DA:33,8
DA:34,6
DA:35,6
DA:36,6
DA:45,1
DA:47,5
DA:51,1
DA:52,0
DA:57,0
DA:58,0
DA:60,0
DA:61,0
DA:63,0
DA:65,0
DA:66,0
DA:67,0
DA:80,0
DA:82,0
DA:86,1
DA:87,0
DA:92,0
DA:93,0
DA:94,0
DA:99,0
DA:104,0
DA:106,0
LF:39
LH:16
BRDA:32,0,0,2
BRDA:32,0,1,8
BRDA:33,1,0,2
BRDA:33,1,1,6
BRDA:57,2,0,0
BRDA:57,2,1,0
BRDA:60,3,0,0
BRDA:60,3,1,0
BRDA:60,4,0,0
BRDA:60,4,1,0
BRDA:65,5,0,0
BRDA:65,5,1,0
BRDA:92,6,0,0
BRDA:92,6,1,0
BRF:14
BRH:4
end_of_record
TN:
SF:models\SalaUserModel.js
FNF:0
FNH:0
DA:5,1
DA:7,1
LF:2
LH:2
BRF:0
BRH:0
end_of_record
TN:
SF:models\UserModel.js
FNF:0
FNH:0
DA:4,1
DA:6,1
LF:2
LH:2
BRF:0
BRH:0
end_of_record
